Antoine Winfield Highlights [HD]
sunie24

why i'm still a virgin
iamLucid

Harry Potter and the Deathly Hallows part 2 - Snape's memories part 2 (HD)
DutchHPfan1992

Mom Cat Talking to her Cute Meowing Kittens  20 min BONUS Video
Funnycatsandnicefish

Last Stardust - Fate/Stay Night: Unlimited Blade Works OST [piano]
Animenz Piano Sheets

Day in the Life of a Japanese Game Programmer
Paolo fromTOKYO

J.K Dobbins - Scariest RB in College Football ᴴᴰ
Sick EditzHD

Angel Beats! Opening - My Soul, Your Beats (HD)
DaHyun

Boku dake ga Inai Machi - Baka nano? (Hinazuki Kayo)
Yōkai

Andrew Yang Unofficial Anime opening (Naruto Shippuden)  #AndrewYangAnime
Make America Think Harder

Is grad school worth it? (for software engineers)
TechLead

Find Meaningful Work
LeidosInc

RSA ANIMATE: Drive: The surprising truth about what motivates us
RSA

Russel Wilson "Not Black Enough" Controversy Charles Barkely
Solotv84

Charles Barkley - The Beast
Dunkman827

Lady Gaga - National Anthem - Super Bowl 2016
LadyGagaNewz

Zombie Nation: UCF Football vs. South Floirda - War On I4 - Nov. 24, 2017
UCF Knights

All Bounties updated to chapter 801+ in ONE PIECE
Cursed Hawkeye

TTR: CCG VP 12/31/2017-There's no stopping us.
Cat

I am not a Motivational Speaker
Gate Lectures by Ravindrababu Ravula

Prof. Chris Bishop: The Future of Computers
The University of Edinburgh

Bioinformatics: A way to deciphere DNA and cure life's deadliest diseases | Spencer Hall | TEDxUGA
TEDx Talks

"The Late Show" Open Director's Cut
The Late Show with Stephen Colbert

Edgar Allan Poe-The Raven- Read by James Earl Jones
BeyondTheDarkness09

Pixar Shorts Collection   Luxo Jr  1986   YouTube
pete 0161

J.T. Barrett Freshman Highlights 2014 Ohio State
MattBuckeyeGuy

One Piece - Sanji saves Usopp from Jabura !
KawakiAMV

Michael Vick's College Highlights (Virginia Tech)
MrBurns242

Inky Johnson -- "It's Not Just About You." (Motivational Video)
B Norton

Bleach GAME  (Bankai and Tansa Zangetsu)
Lukers

Town of Salem - EPIC GAME (Ranked High Elo)
aForger

Jackie Chan Tribute | From 1 To 62 Years Old
THE MASTER

Don't Stay in School
Boyinaband

Reacting to “Don’t Stay in School” hate comments
Boyinaband

Discover Saint John, New Brunswick
DiscoverSaintJohn

Shakira - Antes De Las Seis (Live From Paris)
shakiraVEVO

I proposed by hacking Chrono Trigger
P

Washington to Obama (Presidential Morph)
HerBunk

Walk to Arlong Park
roy r

Getsugatensho and Kaze no Kizu... Vindictus Style!
Mugiwaranoluffyop

Defeat Fomor Commander I (Part 1/3)
Mugiwaranoluffyop

THE SUICIDE EXPERIMENT!
fouseyTUBE

NOTHING FUNNY
etthehiphoppreacher

Donald Trump: Last Week Tonight with John Oliver (HBO)
LastWeekTonight

Shia LaBeouf "Just Do It" Motivational Speech (Original Video by LaBeouf, Rönkkö & Turner)
MotivaShian

Ohio State Football 2015-16 Pump Up | The QB Decision
BucksBoy

~When Men's Will Collide AMV~ [loosecontroi] (Usopp Vs Luffy) Reaction!
keith kells

Youtube Money.
Brofresco

Kobe Bryant Top 10 Impossible Shots
Otto Ramírez

Watch first lady Michelle Obama’s full speech at the 2016 Democratic National Convention
PBS NewsHour

