Trích đoạn Lương Sơn Bá - Chúc Anh Đài - Ngọc Huyền - Đặng Thế Luân
Nghệ Sĩ Ngọc Huyền Official

Phượng Mai Vũ Linh | Liên khúc hồ quảng SƠN BÁ ANH ĐÀI | Cải Lương Tôi Yêu
Cải Lương Tôi Yêu

Thanh Tuyền - Phố Vắng Anh Rồi (Mạnh Phát) PBN 52
Thuy Nga

Thanh Tuyền – Nếu Đời Không Có Anh – Thu Âm Trước 1975
Nhạc Thu Âm Trước 1975

Hoàng Oanh | Mùa Xuân Của Chúng Mình | Lê Kim Khánh
Hung Pham

Lòng Mẹ - Như Quỳnh
CôngAn Bú Cặc Chó Hồ

Thanh Tuyền - Khi đã yêu
QUÁN NHẠC XƯA

Em biet anh di chang tro ve Thanh Tuyen
Dominic NGO

Thanh Tuyền – Đêm Dài Chiến Tuyến – Thu Âm Trước 1975
Nhạc Thu Âm Trước 1975

Chỉ Có Một Mình Anh (trước 1975) - THANH TUYỀN
Ngan Bui

Bông Hồng Cài Áo Trắng - Nhạc Nguyễn Văn Đông - Giọng ca Giao Linh
KimHoàngMusic

Anh Khoa - Anh Trước Tôi Sau (Nguyễn Văn Đông) PBN 125
Thuy Nga

Mot Doi Tan Vo - Ai Van
bolero lossless

Khánh Hà - Một Đời Tan Vỡ..
Pham Tan Tai

